This file contains any messages produced by compilers while
running configure, to aid debugging if configure makes a mistake.

It was created by MaGe configure 0, which was
generated by GNU Autoconf 2.69.  Invocation command line was

  $ ./configure --disable-g4gdml

## --------- ##
## Platform. ##
## --------- ##

hostname = silver.phys.unm.edu
uname -m = x86_64
uname -r = 3.10.0-327.el7.x86_64
uname -s = Linux
uname -v = #1 SMP Thu Nov 19 22:10:57 UTC 2015

/usr/bin/uname -p = x86_64
/bin/uname -X     = unknown

/bin/arch              = x86_64
/usr/bin/arch -k       = unknown
/usr/convex/getsysinfo = unknown
/usr/bin/hostinfo      = unknown
/bin/machine           = unknown
/usr/bin/oslevel       = unknown
/bin/universe          = unknown

PATH: /home/nmcfadden/MGDO/bin
PATH: /usr/local/root/bin
PATH: /usr/local/bin
PATH: /home/nmcfadden/XenonDoping/bin/Linux-g++
PATH: /home/nmcfadden/XenonDoping/bin/Linux-g++
PATH: /usr/local/bin
PATH: /home/nmcfadden/MGDO/install/bin
PATH: /home/nmcfadden/MaGe/bin/Linux-g++
PATH: /home/nmcfadden/geant4_workdir/bin/Linux-g++
PATH: /usr/local/bin
PATH: .
PATH: /usr/local/cmake-3.9.3/bin
PATH: /usr/lib64/qt-3.3/bin
PATH: /usr/local/bin
PATH: /usr/bin
PATH: /usr/local/sbin
PATH: /usr/sbin
PATH: /home/nmcfadden/.local/bin
PATH: /home/nmcfadden/bin
PATH: /usr/local/bin


## ----------- ##
## Core tests. ##
## ----------- ##

configure:1803: checking for a BSD-compatible install
configure:1871: result: /usr/bin/install -c
configure:1883: checking for grep that handles long lines and -e
configure:1941: result: /usr/bin/grep
configure:1946: checking for a sed that does not truncate output
configure:2010: result: /usr/bin/sed
configure:2020: checking build system type
configure:2034: result: x86_64-unknown-linux-gnu
configure:2054: checking host system type
configure:2067: result: x86_64-unknown-linux-gnu
configure:2129: checking for geant4-config
configure:2147: found /usr/local/bin/geant4-config
configure:2160: result: /usr/local/bin/geant4-config
configure:2211: checking for /usr/local/share/Geant4-10.4.0/geant4make/config/binmake.gmk
configure:2225: result: yes
configure:2297: checking for root-config
configure:2315: found /usr/local/root/bin/root-config
configure:2328: result: /usr/local/root/bin/root-config
configure:2338: checking for root
configure:2356: found /usr/local/root/bin/root
configure:2369: result: /usr/local/root/bin/root
configure:2379: checking for rootcint
configure:2397: found /usr/local/root/bin/rootcint
configure:2410: result: /usr/local/root/bin/rootcint
configure:2420: checking for rootcling
configure:2438: found /usr/local/root/bin/rootcling
configure:2451: result: /usr/local/root/bin/rootcling
configure:2461: checking for rlibmap
configure:2492: result: false
configure:2599: checking for mgdo-config
configure:2617: found /home/nmcfadden/MGDO/install/bin/mgdo-config
configure:2630: result: /home/nmcfadden/MGDO/install/bin/mgdo-config
configure:3237: creating ./config.status

## ---------------------- ##
## Running config.status. ##
## ---------------------- ##

This file was extended by MaGe config.status 0, which was
generated by GNU Autoconf 2.69.  Invocation command line was

  CONFIG_FILES    = 
  CONFIG_HEADERS  = 
  CONFIG_LINKS    = 
  CONFIG_COMMANDS = 
  $ ./config.status 

on silver.phys.unm.edu

config.status:798: creating setup.csh
config.status:798: creating setup.sh
config.status:798: creating mage-config
config.status:798: creating buildTools/config.mk
config.status:901: WARNING:  'buildTools/config.mk.in' seems to ignore the --datarootdir setting
config.status:798: creating buildTools/rootsomake.mk
config.status:798: creating buildTools/mgbin.mk
config.status:798: creating buildTools/install.mk
config.status:798: creating buildTools/noinstall.mk
config.status:798: creating GNUmakefile
config.status:798: creating analysis/GNUmakefile
config.status:798: creating generators/GNUmakefile
config.status:798: creating geometry/GNUmakefile
config.status:798: creating gerdageometry/GNUmakefile
config.status:798: creating gerdaio/GNUmakefile
config.status:798: creating io/GNUmakefile
config.status:798: creating management/GNUmakefile
config.status:798: creating materials/GNUmakefile
config.status:798: creating mjgeometry/GNUmakefile
config.status:798: creating mjdemonstrator/GNUmakefile
config.status:798: creating mjio/GNUmakefile
config.status:798: creating mjprocessors/GNUmakefile
config.status:798: creating munichteststand/GNUmakefile
config.status:798: creating lngsgesetups/GNUmakefile
config.status:798: creating processes/GNUmakefile
config.status:798: creating sandbox/GNUmakefile
config.status:798: creating tonscalegeometry/GNUmakefile
config.status:798: creating waveform/GNUmakefile
config.status:798: creating legendgeometry/GNUmakefile
config.status:798: creating legendio/GNUmakefile
config.status:798: creating bacongeometry/GNUmakefile

## ---------------- ##
## Cache variables. ##
## ---------------- ##

ac_cv_build=x86_64-unknown-linux-gnu
ac_cv_env_build_alias_set=
ac_cv_env_build_alias_value=
ac_cv_env_host_alias_set=
ac_cv_env_host_alias_value=
ac_cv_env_target_alias_set=
ac_cv_env_target_alias_value=
ac_cv_file__usr_local_share_Geant4_10_4_0_geant4make_config_binmake_gmk=yes
ac_cv_host=x86_64-unknown-linux-gnu
ac_cv_path_GEANT4_CONFIG=/usr/local/bin/geant4-config
ac_cv_path_GREP=/usr/bin/grep
ac_cv_path_MGDOCONF=/home/nmcfadden/MGDO/install/bin/mgdo-config
ac_cv_path_RLIBMAP=false
ac_cv_path_ROOTCINT=/usr/local/root/bin/rootcint
ac_cv_path_ROOTCLING=/usr/local/root/bin/rootcling
ac_cv_path_ROOTCONF=/usr/local/root/bin/root-config
ac_cv_path_ROOTEXEC=/usr/local/root/bin/root
ac_cv_path_SED=/usr/bin/sed
ac_cv_path_install='/usr/bin/install -c'

## ----------------- ##
## Output variables. ##
## ----------------- ##

CLHEP_BASE_DIR='/usr/local'
CLHEP_INCLUDE_DIR='/usr/local/include'
CLHEP_LIB_DIR='/usr/local/lib'
CPPFLAGS=''
CPPVERBOSE=''
DEFS='-DPACKAGE_NAME=\"MaGe\" -DPACKAGE_TARNAME=\"mage\" -DPACKAGE_VERSION=\"0\" -DPACKAGE_STRING=\"MaGe\ 0\" -DPACKAGE_BUGREPORT=\"\" -DPACKAGE_URL=\"\"'
ECHO_C=''
ECHO_N='-n'
ECHO_T=''
EXTRACPPFLAGS='-O2 -fPIC'
EXTRALIBS=''
G4GDML_LIBS=''
G4GDML_LIB_DIR=''
G4INCLUDE='/usr/local/include/Geant4'
G4INSTALL='/usr/local/share/Geant4-10.4.0/geant4make'
G4LIB='/usr/local/lib64/Geant4-10.4.0'
G4SYSTEM='Linux-g++'
G4VIS_USE_OPENGLQT=''
G4VIS_USE_OPENGLX='1'
G4VIS_USE_OPENGLXM=''
G4VIS_USE_RAYTRACERX=''
G4WORKDIR='/home/nmcfadden/XenonDoping'
GEANT4_CONFIG='/usr/local/bin/geant4-config'
GREP='/usr/bin/grep'
INSTALL_DATA='${INSTALL} -m 644'
INSTALL_PROGRAM='${INSTALL}'
INSTALL_SCRIPT='${INSTALL}'
LDFLAGS=''
LIBOBJS=''
LIBS=''
LTLIBOBJS=''
MAGEDIR='/home/nmcfadden/XenonDoping'
MGDOCONF='/home/nmcfadden/MGDO/install/bin/mgdo-config'
MGDODIR='/home/nmcfadden/MGDO'
MGDO_CFLAGS='-I/home/nmcfadden/MGDO/install/include/mgdo'
MGDO_LIBS='-L/home/nmcfadden/MGDO/install/lib -lMGDOBase -lMGDOTransforms -lMGDORoot -lMGDOGerda'
MGLIBEXTSHARED='so'
MGSKIPLIBS='mjprocessors'
NO_G4GDML_FLAG='-DMG_NO_G4GDML'
PACKAGE_BUGREPORT=''
PACKAGE_NAME='MaGe'
PACKAGE_STRING='MaGe 0'
PACKAGE_TARNAME='mage'
PACKAGE_URL=''
PACKAGE_VERSION='0'
PATH_SEPARATOR=':'
RLIBMAP='false'
ROOTAUXCFLAGS='-pthread -std=c++11 -m64'
ROOTAUXLIBS='-pthread -lm -ldl -rdynamic'
ROOTCFLAGS='-I/usr/local/root/include'
ROOTCINT='/usr/local/root/bin/rootcint'
ROOTCLING='/usr/local/root/bin/rootcling'
ROOTCONF='/usr/local/root/bin/root-config'
ROOTEXEC='/usr/local/root/bin/root'
ROOTGLIBS='-lGui -lCore -lRIO -lNet -lHist -lGraf -lGraf3d -lGpad -lTree -lRint -lPostscript -lMatrix -lPhysics -lMathCore -lThread -lMultiProc'
ROOTINCDIR='/usr/local/root/include'
ROOTLIBDIR='/usr/local/root/lib'
ROOTLIBS='-lCore -lRIO -lNet -lHist -lGraf -lGraf3d -lGpad -lTree -lRint -lPostscript -lMatrix -lPhysics -lMathCore -lThread -lMultiProc'
ROOTRPATH='/usr/local/root/lib'
ROOTSOFLAGS='-shared -fPIC'
ROOTSYS='/usr/local/root'
SED='/usr/bin/sed'
SHELL='/bin/sh'
SILENCEG4ENV=''
bindir='${exec_prefix}/bin'
build='x86_64-unknown-linux-gnu'
build_alias=''
build_cpu='x86_64'
build_os='linux-gnu'
build_vendor='unknown'
datadir='${datarootdir}'
datarootdir='${prefix}/share'
docdir='${datarootdir}/doc/${PACKAGE_TARNAME}'
dvidir='${docdir}'
exec_prefix='${prefix}'
host='x86_64-unknown-linux-gnu'
host_alias=''
host_cpu='x86_64'
host_os='linux-gnu'
host_vendor='unknown'
htmldir='${docdir}'
includedir='${prefix}/include'
infodir='${datarootdir}/info'
libdir='${exec_prefix}/lib'
libexecdir='${exec_prefix}/libexec'
localedir='${datarootdir}/locale'
localstatedir='${prefix}/var'
mandir='${datarootdir}/man'
oldincludedir='/usr/include'
pdfdir='${docdir}'
prefix='/usr/local'
program_transform_name='s,x,x,'
psdir='${docdir}'
sbindir='${exec_prefix}/sbin'
sharedstatedir='${prefix}/com'
sysconfdir='${prefix}/etc'
target_alias=''

## ----------- ##
## confdefs.h. ##
## ----------- ##

/* confdefs.h */
#define PACKAGE_NAME "MaGe"
#define PACKAGE_TARNAME "mage"
#define PACKAGE_VERSION "0"
#define PACKAGE_STRING "MaGe 0"
#define PACKAGE_BUGREPORT ""
#define PACKAGE_URL ""

configure: exit 0
